<?xml version="1.0" encoding="UTF-8"?>
<!-- Generated by org.testng.reporters.JUnitReportReporter -->
<testsuite hostname="VinayKumar" failures="0" tests="1" name="com.test.Create_Incident" time="37.379" errors="0" timestamp="2023-12-18T13:58:54 IST" skipped="0">
  <testcase classname="com.test.Create_Incident" name="test1" time="37.379"/>
</testsuite> <!-- com.test.Create_Incident -->
