<?xml version="1.0" encoding="UTF-8"?>
<!-- Generated by org.testng.reporters.JUnitReportReporter -->
<testsuite hostname="VinayKumar" failures="0" tests="1" name="com.test.Delete_Incident" time="44.985" errors="0" timestamp="2023-12-18T13:33:50 IST" skipped="0">
  <testcase classname="com.test.Delete_Incident" name="test2" time="44.985"/>
</testsuite> <!-- com.test.Delete_Incident -->
