<?xml version="1.0" encoding="UTF-8"?>
<!-- Generated by org.testng.reporters.JUnitReportReporter -->
<testsuite hostname="VinayKumar" failures="0" tests="1" name="com.test.Test_Propose_Major_Incident" time="54.900" errors="0" timestamp="2023-12-19T17:06:05 IST" skipped="0">
  <testcase classname="com.test.Test_Propose_Major_Incident" name="test2" time="54.900"/>
</testsuite> <!-- com.test.Test_Propose_Major_Incident -->
