<?xml version="1.0" encoding="UTF-8"?>
<!-- Generated by org.testng.reporters.JUnitReportReporter -->
<testsuite hostname="VinayKumar" failures="0" tests="1" name="com.test.Test_Demote_Major_Incident" time="54.780" errors="0" timestamp="2023-12-19T17:50:40 IST" skipped="0">
  <testcase classname="com.test.Test_Demote_Major_Incident" name="test2" time="54.780"/>
</testsuite> <!-- com.test.Test_Demote_Major_Incident -->
