<?xml version="1.0" encoding="UTF-8"?>
<!-- Generated by org.testng.reporters.JUnitReportReporter -->
<testsuite hostname="VinayKumar" failures="0" tests="1" name="com.test.Create_Problem_Incident" time="36.604" errors="0" timestamp="2023-12-18T14:16:47 IST" skipped="0">
  <testcase classname="com.test.Create_Problem_Incident" name="test2" time="36.604"/>
</testsuite> <!-- com.test.Create_Problem_Incident -->
