<?xml version="1.0" encoding="UTF-8"?>
<!-- Generated by org.testng.reporters.JUnitReportReporter -->
<testsuite hostname="VinayKumar" failures="0" tests="1" name="com.test.Test_Promote_Major_Incident" time="60.620" errors="0" timestamp="2023-12-19T17:30:01 IST" skipped="0">
  <testcase classname="com.test.Test_Promote_Major_Incident" name="test2" time="60.620"/>
</testsuite> <!-- com.test.Test_Promote_Major_Incident -->
