<?xml version="1.0" encoding="UTF-8"?>
<!-- Generated by org.testng.reporters.JUnitReportReporter -->
<testsuite hostname="VinayKumar" failures="0" tests="1" name="com.test.ProposeMI" time="43.461" errors="0" timestamp="2023-12-14T16:27:28 IST" skipped="0">
  <testcase classname="com.test.ProposeMI" name="test1" time="43.461"/>
</testsuite> <!-- com.test.ProposeMI -->
