<?xml version="1.0" encoding="UTF-8"?>
<!-- Generated by org.testng.reporters.JUnitReportReporter -->
<testsuite hostname="VinayKumar" failures="0" tests="1" name="com.test.Test_Reject_Major_Incident" time="67.715" errors="0" timestamp="2023-12-19T17:07:34 IST" skipped="0">
  <testcase classname="com.test.Test_Reject_Major_Incident" name="test2" time="67.715"/>
</testsuite> <!-- com.test.Test_Reject_Major_Incident -->
